<?xml version="1.0" encoding="UTF-8"?>
<testsuite name="com.app.firststore.ExampleUnitTest" tests="1" skipped="0" failures="0" errors="0" timestamp="2024-03-05T22:22:33" hostname="DESKTOP-3S4BPG2" time="0.003">
  <properties/>
  <testcase name="addition_isCorrect" classname="com.app.firststore.ExampleUnitTest" time="0.003"/>
  <system-out><![CDATA[]]></system-out>
  <system-err><![CDATA[]]></system-err>
</testsuite>
